<?xml version="1.0" encoding="UTF-8"?>
<!-- Generated by org.testng.reporters.JUnitXMLReporter -->
<testsuite ignored="8" hostname="WBOX62" failures="3" tests="12" name="Test" time="347.983" errors="0" timestamp="2024-03-07T18:48:51 IST">
  <testcase classname="Resources.BDEClass" name="getLogin" time="12.733"/>
  <testcase classname="Resources.BDEClass" name="addLeadComapnyDeatail" time="76.106"/>
  <testcase classname="Resources.BDEClass" name="productDetails" time="39.307"/>
  <testcase classname="Resources.BDEClass" name="addMeetingForProspect" time="17.073"/>
  <testcase classname="Resources.BDEClass" name="prospect" time="31.84"/>
  <testcase classname="Resources.BDEClass" name="todaysFollowup" time="27.28"/>
  <testcase classname="Resources.BDEClass" name="getLogout" time="6.487"/>
  <testcase classname="Resources.BDMClass" name="getLogin" time="12.916"/>
  <testcase classname="Resources.BDMClass" name="potentialConversionRequestAccept" time="30.611"/>
  <testcase classname="Resources.BDMClass" name="addMeetingForPotential" time="23.992">
    <failure type="org.openqa.selenium.StaleElementReferenceException" message="The element &amp;apos;By.xpath: //android.widget.ImageButton[@resource-id=&amp;quot;com.ssi.agroworlds:id/createMeetingFab&amp;quot;]&amp;apos; does not exist in DOM anymore
For documentation on this error, please visit: https://www.selenium.dev/documentation/webdriver/troubleshooting/errors#stale-element-reference-exception
Build info: version: &amp;apos;4.16.1&amp;apos;, revision: &amp;apos;9b4c83354e&amp;apos;
System info: os.name: &amp;apos;Windows 10&amp;apos;, os.arch: &amp;apos;amd64&amp;apos;, os.version: &amp;apos;10.0&amp;apos;, java.version: &amp;apos;17.0.6&amp;apos;
Driver info: io.appium.java_client.android.AndroidDriver
Command: [e5ca825d-ac85-4750-b312-90691c42b51b, isElementSelected {id=00000000-0000-20b6-ffff-ffff00000d57}]
Capabilities {appium:appActivity: com.ssi.agroworlds.view.ui...., appium:appPackage: com.ssi.agroworlds, appium:autoGrantPermissions: true, appium:automationName: UiAutomator2, appium:databaseEnabled: false, appium:desired: {appActivity: com.ssi.agroworlds.view.ui...., appPackage: com.ssi.agroworlds, autoGrantPermissions: true, automationName: UiAutomator2, deviceName: vivo Y36, platformName: ANDROID, platformVersion: 13, udid: 10BDB70PG4000XX}, appium:deviceApiLevel: 33, appium:deviceManufacturer: vivo, appium:deviceModel: V2247, appium:deviceName: 10BDB70PG4000XX, appium:deviceScreenDensity: 440, appium:deviceScreenSize: 1080x2388, appium:deviceUDID: 10BDB70PG4000XX, appium:javascriptEnabled: true, appium:locationContextEnabled: false, appium:networkConnectionEnabled: true, appium:pixelRatio: 2.75, appium:platformVersion: 13, appium:statBarHeight: 99, appium:takesScreenshot: true, appium:udid: 10BDB70PG4000XX, appium:viewportRect: {height: 2103, left: 0, top: 99, width: 1080}, appium:warnings: {}, appium:webStorageEnabled: false, platformName: ANDROID}
Element: [[AndroidDriver:  on ANDROID (e5ca825d-ac85-4750-b312-90691c42b51b)] -&amp;gt; xpath: //android.widget.ImageButton[@resource-id=&amp;quot;com.ssi.agroworlds:id/createMeetingFab&amp;quot;]]
Session ID: e5ca825d-ac85-4750-b312-90691c42b51b">
      <![CDATA[org.openqa.selenium.StaleElementReferenceException: The element 'By.xpath: //android.widget.ImageButton[@resource-id="com.ssi.agroworlds:id/createMeetingFab"]' does not exist in DOM anymore
For documentation on this error, please visit: https://www.selenium.dev/documentation/webdriver/troubleshooting/errors#stale-element-reference-exception
Build info: version: '4.16.1', revision: '9b4c83354e'
System info: os.name: 'Windows 10', os.arch: 'amd64', os.version: '10.0', java.version: '17.0.6'
Driver info: io.appium.java_client.android.AndroidDriver
Command: [e5ca825d-ac85-4750-b312-90691c42b51b, isElementSelected {id=00000000-0000-20b6-ffff-ffff00000d57}]
Capabilities {appium:appActivity: com.ssi.agroworlds.view.ui...., appium:appPackage: com.ssi.agroworlds, appium:autoGrantPermissions: true, appium:automationName: UiAutomator2, appium:databaseEnabled: false, appium:desired: {appActivity: com.ssi.agroworlds.view.ui...., appPackage: com.ssi.agroworlds, autoGrantPermissions: true, automationName: UiAutomator2, deviceName: vivo Y36, platformName: ANDROID, platformVersion: 13, udid: 10BDB70PG4000XX}, appium:deviceApiLevel: 33, appium:deviceManufacturer: vivo, appium:deviceModel: V2247, appium:deviceName: 10BDB70PG4000XX, appium:deviceScreenDensity: 440, appium:deviceScreenSize: 1080x2388, appium:deviceUDID: 10BDB70PG4000XX, appium:javascriptEnabled: true, appium:locationContextEnabled: false, appium:networkConnectionEnabled: true, appium:pixelRatio: 2.75, appium:platformVersion: 13, appium:statBarHeight: 99, appium:takesScreenshot: true, appium:udid: 10BDB70PG4000XX, appium:viewportRect: {height: 2103, left: 0, top: 99, width: 1080}, appium:warnings: {}, appium:webStorageEnabled: false, platformName: ANDROID}
Element: [[AndroidDriver:  on ANDROID (e5ca825d-ac85-4750-b312-90691c42b51b)] -> xpath: //android.widget.ImageButton[@resource-id="com.ssi.agroworlds:id/createMeetingFab"]]
Session ID: e5ca825d-ac85-4750-b312-90691c42b51b
at org.openqa.selenium.remote.codec.w3c.W3CHttpResponseCodec.createException(W3CHttpResponseCodec.java:200)
at org.openqa.selenium.remote.codec.w3c.W3CHttpResponseCodec.decode(W3CHttpResponseCodec.java:133)
at org.openqa.selenium.remote.codec.w3c.W3CHttpResponseCodec.decode(W3CHttpResponseCodec.java:52)
at org.openqa.selenium.remote.HttpCommandExecutor.execute(HttpCommandExecutor.java:191)
at io.appium.java_client.remote.AppiumCommandExecutor.execute(AppiumCommandExecutor.java:238)
at org.openqa.selenium.remote.RemoteWebDriver.execute(RemoteWebDriver.java:523)
at org.openqa.selenium.remote.RemoteWebElement.execute(RemoteWebElement.java:224)
at org.openqa.selenium.remote.RemoteWebElement.isSelected(RemoteWebElement.java:172)
at utility.Utility.isElementClickable(Utility.java:273)
at Resources.BDMClass.addMeetingForPotential(BDMClass.java:119)
at java.base/java.util.ArrayList.forEach(ArrayList.java:1511)
... Removed 32 stack frames]]>
    </failure>
  </testcase> <!-- addMeetingForPotential -->
  <testcase classname="Resources.BDMClass" name="convertToClient" time="34.212">
    <failure type="org.openqa.selenium.NoSuchElementException" message="An element could not be located on the page using the given search parameters.
For documentation on this error, please visit: https://www.selenium.dev/documentation/webdriver/troubleshooting/errors#no-such-element-exception
Build info: version: &amp;apos;4.16.1&amp;apos;, revision: &amp;apos;9b4c83354e&amp;apos;
System info: os.name: &amp;apos;Windows 10&amp;apos;, os.arch: &amp;apos;amd64&amp;apos;, os.version: &amp;apos;10.0&amp;apos;, java.version: &amp;apos;17.0.6&amp;apos;
Driver info: io.appium.java_client.android.AndroidDriver
Command: [e5ca825d-ac85-4750-b312-90691c42b51b, findElement {using=-android uiautomator, value=new UiScrollable(new UiSelector().scrollable(true).instance(0)).scrollIntoView(new UiSelector().text(&amp;quot;Potentials&amp;quot;).instance(0))}]
Capabilities {appium:appActivity: com.ssi.agroworlds.view.ui...., appium:appPackage: com.ssi.agroworlds, appium:autoGrantPermissions: true, appium:automationName: UiAutomator2, appium:databaseEnabled: false, appium:desired: {appActivity: com.ssi.agroworlds.view.ui...., appPackage: com.ssi.agroworlds, autoGrantPermissions: true, automationName: UiAutomator2, deviceName: vivo Y36, platformName: ANDROID, platformVersion: 13, udid: 10BDB70PG4000XX}, appium:deviceApiLevel: 33, appium:deviceManufacturer: vivo, appium:deviceModel: V2247, appium:deviceName: 10BDB70PG4000XX, appium:deviceScreenDensity: 440, appium:deviceScreenSize: 1080x2388, appium:deviceUDID: 10BDB70PG4000XX, appium:javascriptEnabled: true, appium:locationContextEnabled: false, appium:networkConnectionEnabled: true, appium:pixelRatio: 2.75, appium:platformVersion: 13, appium:statBarHeight: 99, appium:takesScreenshot: true, appium:udid: 10BDB70PG4000XX, appium:viewportRect: {height: 2103, left: 0, top: 99, width: 1080}, appium:warnings: {}, appium:webStorageEnabled: false, platformName: ANDROID}
Session ID: e5ca825d-ac85-4750-b312-90691c42b51b">
      <![CDATA[org.openqa.selenium.NoSuchElementException: An element could not be located on the page using the given search parameters.
For documentation on this error, please visit: https://www.selenium.dev/documentation/webdriver/troubleshooting/errors#no-such-element-exception
Build info: version: '4.16.1', revision: '9b4c83354e'
System info: os.name: 'Windows 10', os.arch: 'amd64', os.version: '10.0', java.version: '17.0.6'
Driver info: io.appium.java_client.android.AndroidDriver
Command: [e5ca825d-ac85-4750-b312-90691c42b51b, findElement {using=-android uiautomator, value=new UiScrollable(new UiSelector().scrollable(true).instance(0)).scrollIntoView(new UiSelector().text("Potentials").instance(0))}]
Capabilities {appium:appActivity: com.ssi.agroworlds.view.ui...., appium:appPackage: com.ssi.agroworlds, appium:autoGrantPermissions: true, appium:automationName: UiAutomator2, appium:databaseEnabled: false, appium:desired: {appActivity: com.ssi.agroworlds.view.ui...., appPackage: com.ssi.agroworlds, autoGrantPermissions: true, automationName: UiAutomator2, deviceName: vivo Y36, platformName: ANDROID, platformVersion: 13, udid: 10BDB70PG4000XX}, appium:deviceApiLevel: 33, appium:deviceManufacturer: vivo, appium:deviceModel: V2247, appium:deviceName: 10BDB70PG4000XX, appium:deviceScreenDensity: 440, appium:deviceScreenSize: 1080x2388, appium:deviceUDID: 10BDB70PG4000XX, appium:javascriptEnabled: true, appium:locationContextEnabled: false, appium:networkConnectionEnabled: true, appium:pixelRatio: 2.75, appium:platformVersion: 13, appium:statBarHeight: 99, appium:takesScreenshot: true, appium:udid: 10BDB70PG4000XX, appium:viewportRect: {height: 2103, left: 0, top: 99, width: 1080}, appium:warnings: {}, appium:webStorageEnabled: false, platformName: ANDROID}
Session ID: e5ca825d-ac85-4750-b312-90691c42b51b
at org.openqa.selenium.remote.codec.w3c.W3CHttpResponseCodec.createException(W3CHttpResponseCodec.java:200)
at org.openqa.selenium.remote.codec.w3c.W3CHttpResponseCodec.decode(W3CHttpResponseCodec.java:133)
at org.openqa.selenium.remote.codec.w3c.W3CHttpResponseCodec.decode(W3CHttpResponseCodec.java:52)
at org.openqa.selenium.remote.HttpCommandExecutor.execute(HttpCommandExecutor.java:191)
at io.appium.java_client.remote.AppiumCommandExecutor.execute(AppiumCommandExecutor.java:238)
at org.openqa.selenium.remote.RemoteWebDriver.execute(RemoteWebDriver.java:523)
at org.openqa.selenium.remote.ElementLocation$ElementFinder$2.findElement(ElementLocation.java:165)
at org.openqa.selenium.remote.ElementLocation.findElement(ElementLocation.java:59)
at org.openqa.selenium.remote.RemoteWebDriver.findElement(RemoteWebDriver.java:360)
at org.openqa.selenium.remote.RemoteWebDriver.findElement(RemoteWebDriver.java:354)
at Resources.BDMClass.convertToClient(BDMClass.java:241)
at java.base/java.util.ArrayList.forEach(ArrayList.java:1511)
... Removed 32 stack frames]]>
    </failure>
  </testcase> <!-- convertToClient -->
  <testcase classname="Resources.BDMClass" name="getLogout" time="32.268">
    <failure type="org.openqa.selenium.NoSuchElementException" message="An element could not be located on the page using the given search parameters.
For documentation on this error, please visit: https://www.selenium.dev/documentation/webdriver/troubleshooting/errors#no-such-element-exception
Build info: version: &amp;apos;4.16.1&amp;apos;, revision: &amp;apos;9b4c83354e&amp;apos;
System info: os.name: &amp;apos;Windows 10&amp;apos;, os.arch: &amp;apos;amd64&amp;apos;, os.version: &amp;apos;10.0&amp;apos;, java.version: &amp;apos;17.0.6&amp;apos;
Driver info: io.appium.java_client.android.AndroidDriver
Command: [e5ca825d-ac85-4750-b312-90691c42b51b, findElement {using=xpath, value=//android.widget.ImageView[@resource-id=&amp;quot;com.ssi.agroworlds:id/menuOption&amp;quot;]}]
Capabilities {appium:appActivity: com.ssi.agroworlds.view.ui...., appium:appPackage: com.ssi.agroworlds, appium:autoGrantPermissions: true, appium:automationName: UiAutomator2, appium:databaseEnabled: false, appium:desired: {appActivity: com.ssi.agroworlds.view.ui...., appPackage: com.ssi.agroworlds, autoGrantPermissions: true, automationName: UiAutomator2, deviceName: vivo Y36, platformName: ANDROID, platformVersion: 13, udid: 10BDB70PG4000XX}, appium:deviceApiLevel: 33, appium:deviceManufacturer: vivo, appium:deviceModel: V2247, appium:deviceName: 10BDB70PG4000XX, appium:deviceScreenDensity: 440, appium:deviceScreenSize: 1080x2388, appium:deviceUDID: 10BDB70PG4000XX, appium:javascriptEnabled: true, appium:locationContextEnabled: false, appium:networkConnectionEnabled: true, appium:pixelRatio: 2.75, appium:platformVersion: 13, appium:statBarHeight: 99, appium:takesScreenshot: true, appium:udid: 10BDB70PG4000XX, appium:viewportRect: {height: 2103, left: 0, top: 99, width: 1080}, appium:warnings: {}, appium:webStorageEnabled: false, platformName: ANDROID}
Session ID: e5ca825d-ac85-4750-b312-90691c42b51b">
      <![CDATA[org.openqa.selenium.NoSuchElementException: An element could not be located on the page using the given search parameters.
For documentation on this error, please visit: https://www.selenium.dev/documentation/webdriver/troubleshooting/errors#no-such-element-exception
Build info: version: '4.16.1', revision: '9b4c83354e'
System info: os.name: 'Windows 10', os.arch: 'amd64', os.version: '10.0', java.version: '17.0.6'
Driver info: io.appium.java_client.android.AndroidDriver
Command: [e5ca825d-ac85-4750-b312-90691c42b51b, findElement {using=xpath, value=//android.widget.ImageView[@resource-id="com.ssi.agroworlds:id/menuOption"]}]
Capabilities {appium:appActivity: com.ssi.agroworlds.view.ui...., appium:appPackage: com.ssi.agroworlds, appium:autoGrantPermissions: true, appium:automationName: UiAutomator2, appium:databaseEnabled: false, appium:desired: {appActivity: com.ssi.agroworlds.view.ui...., appPackage: com.ssi.agroworlds, autoGrantPermissions: true, automationName: UiAutomator2, deviceName: vivo Y36, platformName: ANDROID, platformVersion: 13, udid: 10BDB70PG4000XX}, appium:deviceApiLevel: 33, appium:deviceManufacturer: vivo, appium:deviceModel: V2247, appium:deviceName: 10BDB70PG4000XX, appium:deviceScreenDensity: 440, appium:deviceScreenSize: 1080x2388, appium:deviceUDID: 10BDB70PG4000XX, appium:javascriptEnabled: true, appium:locationContextEnabled: false, appium:networkConnectionEnabled: true, appium:pixelRatio: 2.75, appium:platformVersion: 13, appium:statBarHeight: 99, appium:takesScreenshot: true, appium:udid: 10BDB70PG4000XX, appium:viewportRect: {height: 2103, left: 0, top: 99, width: 1080}, appium:warnings: {}, appium:webStorageEnabled: false, platformName: ANDROID}
Session ID: e5ca825d-ac85-4750-b312-90691c42b51b
at org.openqa.selenium.remote.codec.w3c.W3CHttpResponseCodec.createException(W3CHttpResponseCodec.java:200)
at org.openqa.selenium.remote.codec.w3c.W3CHttpResponseCodec.decode(W3CHttpResponseCodec.java:133)
at org.openqa.selenium.remote.codec.w3c.W3CHttpResponseCodec.decode(W3CHttpResponseCodec.java:52)
at org.openqa.selenium.remote.HttpCommandExecutor.execute(HttpCommandExecutor.java:191)
at io.appium.java_client.remote.AppiumCommandExecutor.execute(AppiumCommandExecutor.java:238)
at org.openqa.selenium.remote.RemoteWebDriver.execute(RemoteWebDriver.java:523)
at org.openqa.selenium.remote.ElementLocation$ElementFinder$2.findElement(ElementLocation.java:165)
at org.openqa.selenium.remote.ElementLocation.findElement(ElementLocation.java:59)
at org.openqa.selenium.remote.RemoteWebDriver.findElement(RemoteWebDriver.java:360)
at org.openqa.selenium.remote.RemoteWebDriver.findElement(RemoteWebDriver.java:354)
at utility.Utility.logout(Utility.java:350)
at Resources.BDMClass.getLogout(BDMClass.java:279)
at java.base/java.util.ArrayList.forEach(ArrayList.java:1511)
... Removed 32 stack frames]]>
    </failure>
  </testcase> <!-- getLogout -->
  <testcase classname="Resources.BaseClass" name="@BeforeSuite setUp" time="0.0">
    <ignored/>
  </testcase> <!-- @BeforeSuite setUp -->
  <testcase classname="Resources.BaseClass" name="@BeforeTest ExtentReport" time="0.0">
    <ignored/>
  </testcase> <!-- @BeforeTest ExtentReport -->
  <testcase classname="Resources.BaseClass" name="@AfterSuite globalTeardown" time="0.0">
    <ignored/>
  </testcase> <!-- @AfterSuite globalTeardown -->
  <testcase classname="Resources.BaseClass" name="@AfterTest endReport" time="0.0">
    <ignored/>
  </testcase> <!-- @AfterTest endReport -->
  <testcase classname="Resources.BaseClass" name="@BeforeSuite setUp" time="0.0">
    <ignored/>
  </testcase> <!-- @BeforeSuite setUp -->
  <testcase classname="Resources.BaseClass" name="@AfterSuite globalTeardown" time="0.0">
    <ignored/>
  </testcase> <!-- @AfterSuite globalTeardown -->
  <testcase classname="Resources.BaseClass" name="@BeforeTest ExtentReport" time="0.0">
    <ignored/>
  </testcase> <!-- @BeforeTest ExtentReport -->
  <testcase classname="Resources.BaseClass" name="@AfterTest endReport" time="0.0">
    <ignored/>
  </testcase> <!-- @AfterTest endReport -->
</testsuite> <!-- Test -->
